<?xml version="1.0" encoding="UTF-8"?>
<testng-results ignored="2" total="4" passed="2" failed="0" skipped="0">
  <reporter-output>
  </reporter-output>
  <suite started-at="2024-02-13T15:33:34Z" name="Suite" finished-at="2024-02-13T15:34:34Z" duration-ms="60215">
    <groups>
    </groups>
    <test started-at="2024-02-13T15:33:34Z" name="Test" finished-at="2024-02-13T15:34:34Z" duration-ms="60215">
      <class name="leads_module.ToCreateALeadTest">
        <test-method is-config="true" signature="bsConfig()[pri:0, instance:leads_module.ToCreateALeadTest@2d6c53fc]" started-at="2024-02-13T15:33:33Z" name="bsConfig" finished-at="2024-02-13T15:33:34Z" duration-ms="521" status="PASS">
          <reporter-output>
          </reporter-output>
        </test-method> <!-- bsConfig -->
        <test-method is-config="true" signature="bcConfig()[pri:0, instance:leads_module.ToCreateALeadTest@2d6c53fc]" started-at="2024-02-13T15:34:15Z" name="bcConfig" finished-at="2024-02-13T15:34:18Z" duration-ms="3036" status="PASS">
          <reporter-output>
          </reporter-output>
        </test-method> <!-- bcConfig -->
        <test-method is-config="true" signature="bmConfig()[pri:0, instance:leads_module.ToCreateALeadTest@2d6c53fc]" started-at="2024-02-13T15:34:18Z" name="bmConfig" finished-at="2024-02-13T15:34:21Z" duration-ms="2845" status="PASS">
          <reporter-output>
          </reporter-output>
        </test-method> <!-- bmConfig -->
        <test-method signature="toCreateALeadAndToVerifyTheLeadDetails()[pri:1, instance:leads_module.ToCreateALeadTest@2d6c53fc]" started-at="2024-02-13T15:34:21Z" name="toCreateALeadAndToVerifyTheLeadDetails" finished-at="2024-02-13T15:34:32Z" duration-ms="11162" status="PASS">
          <reporter-output>
          </reporter-output>
        </test-method> <!-- toCreateALeadAndToVerifyTheLeadDetails -->
        <test-method is-config="true" signature="amConfig()[pri:0, instance:leads_module.ToCreateALeadTest@2d6c53fc]" started-at="2024-02-13T15:34:32Z" name="amConfig" finished-at="2024-02-13T15:34:34Z" duration-ms="1479" status="PASS">
          <reporter-output>
          </reporter-output>
        </test-method> <!-- amConfig -->
        <test-method is-config="true" signature="acConfig()[pri:0, instance:leads_module.ToCreateALeadTest@2d6c53fc]" started-at="2024-02-13T15:34:34Z" name="acConfig" finished-at="2024-02-13T15:34:34Z" duration-ms="332" status="PASS">
          <reporter-output>
          </reporter-output>
        </test-method> <!-- acConfig -->
        <test-method is-config="true" signature="asConfig()[pri:0, instance:leads_module.ToCreateALeadTest@2d6c53fc]" started-at="2024-02-13T15:34:35Z" name="asConfig" finished-at="2024-02-13T15:34:35Z" duration-ms="10" status="PASS">
          <reporter-output>
          </reporter-output>
        </test-method> <!-- asConfig -->
      </class> <!-- leads_module.ToCreateALeadTest -->
      <class name="opportunities_module.CreateOpportunitiesTest">
        <test-method is-config="true" signature="bcConfig()[pri:0, instance:opportunities_module.CreateOpportunitiesTest@25f4878b]" started-at="2024-02-13T15:33:34Z" name="bcConfig" finished-at="2024-02-13T15:33:39Z" duration-ms="4300" status="PASS">
          <reporter-output>
          </reporter-output>
        </test-method> <!-- bcConfig -->
        <test-method is-config="true" signature="bmConfig()[pri:0, instance:opportunities_module.CreateOpportunitiesTest@25f4878b]" started-at="2024-02-13T15:33:39Z" name="bmConfig" finished-at="2024-02-13T15:33:42Z" duration-ms="3271" status="PASS">
          <reporter-output>
          </reporter-output>
        </test-method> <!-- bmConfig -->
        <test-method signature="createOpportunitiesWithOrganizationNameAndCampaignNameAndVerifyTest()[pri:0, instance:opportunities_module.CreateOpportunitiesTest@25f4878b]" started-at="2024-02-13T15:33:42Z" name="createOpportunitiesWithOrganizationNameAndCampaignNameAndVerifyTest" finished-at="2024-02-13T15:34:13Z" duration-ms="31139" status="PASS">
          <reporter-output>
          </reporter-output>
        </test-method> <!-- createOpportunitiesWithOrganizationNameAndCampaignNameAndVerifyTest -->
        <test-method is-config="true" signature="amConfig()[pri:0, instance:opportunities_module.CreateOpportunitiesTest@25f4878b]" started-at="2024-02-13T15:34:13Z" name="amConfig" finished-at="2024-02-13T15:34:15Z" duration-ms="1683" status="PASS">
          <reporter-output>
          </reporter-output>
        </test-method> <!-- amConfig -->
        <test-method is-config="true" signature="acConfig()[pri:0, instance:opportunities_module.CreateOpportunitiesTest@25f4878b]" started-at="2024-02-13T15:34:15Z" name="acConfig" finished-at="2024-02-13T15:34:15Z" duration-ms="431" status="PASS">
          <reporter-output>
          </reporter-output>
        </test-method> <!-- acConfig -->
      </class> <!-- opportunities_module.CreateOpportunitiesTest -->
    </test> <!-- Test -->
  </suite> <!-- Suite -->
</testng-results>
