<?xml version="1.0" encoding="UTF-8"?>
<testng-results ignored="3" total="4" passed="1" failed="0" skipped="0">
  <reporter-output>
  </reporter-output>
  <suite started-at="2024-02-13T16:54:10Z" name="Suite" finished-at="2024-02-13T16:54:50Z" duration-ms="40197">
    <groups>
      <group name="regression">
        <method signature="CreateOpportunitiesTest.createOpportunitiesWithOrganizationNameAndCampaignNameAndVerifyTest()[pri:0, instance:opportunities_module.CreateOpportunitiesTest@38604b81]" name="createOpportunitiesWithOrganizationNameAndCampaignNameAndVerifyTest" class="opportunities_module.CreateOpportunitiesTest"/>
      </group> <!-- regression -->
    </groups>
    <test started-at="2024-02-13T16:54:10Z" name="Test" finished-at="2024-02-13T16:54:50Z" duration-ms="40197">
      <class name="leads_module.ToCreateALeadTest">
        <test-method is-config="true" signature="bsConfig()[pri:0, instance:leads_module.ToCreateALeadTest@95e33cc]" started-at="2024-02-13T16:54:10Z" name="bsConfig" finished-at="2024-02-13T16:54:10Z" duration-ms="411" status="PASS">
          <reporter-output>
          </reporter-output>
        </test-method> <!-- bsConfig -->
        <test-method is-config="true" signature="asConfig()[pri:0, instance:leads_module.ToCreateALeadTest@95e33cc]" started-at="2024-02-13T16:54:51Z" name="asConfig" finished-at="2024-02-13T16:54:51Z" duration-ms="11" status="PASS">
          <reporter-output>
          </reporter-output>
        </test-method> <!-- asConfig -->
      </class> <!-- leads_module.ToCreateALeadTest -->
      <class name="opportunities_module.CreateOpportunitiesTest">
        <test-method is-config="true" signature="bcConfig()[pri:0, instance:opportunities_module.CreateOpportunitiesTest@38604b81]" started-at="2024-02-13T16:54:11Z" name="bcConfig" finished-at="2024-02-13T16:54:14Z" duration-ms="3832" status="PASS">
          <reporter-output>
          </reporter-output>
        </test-method> <!-- bcConfig -->
        <test-method is-config="true" signature="bmConfig()[pri:0, instance:opportunities_module.CreateOpportunitiesTest@38604b81]" started-at="2024-02-13T16:54:14Z" name="bmConfig" finished-at="2024-02-13T16:54:18Z" duration-ms="3349" status="PASS">
          <reporter-output>
          </reporter-output>
        </test-method> <!-- bmConfig -->
        <test-method signature="createOpportunitiesWithOrganizationNameAndCampaignNameAndVerifyTest()[pri:0, instance:opportunities_module.CreateOpportunitiesTest@38604b81]" started-at="2024-02-13T16:54:18Z" name="createOpportunitiesWithOrganizationNameAndCampaignNameAndVerifyTest" finished-at="2024-02-13T16:54:48Z" duration-ms="30364" status="PASS">
          <reporter-output>
          </reporter-output>
        </test-method> <!-- createOpportunitiesWithOrganizationNameAndCampaignNameAndVerifyTest -->
        <test-method is-config="true" signature="amConfig()[pri:0, instance:opportunities_module.CreateOpportunitiesTest@38604b81]" started-at="2024-02-13T16:54:48Z" name="amConfig" finished-at="2024-02-13T16:54:50Z" duration-ms="1795" status="PASS">
          <reporter-output>
          </reporter-output>
        </test-method> <!-- amConfig -->
        <test-method is-config="true" signature="acConfig()[pri:0, instance:opportunities_module.CreateOpportunitiesTest@38604b81]" started-at="2024-02-13T16:54:50Z" name="acConfig" finished-at="2024-02-13T16:54:50Z" duration-ms="380" status="PASS">
          <reporter-output>
          </reporter-output>
        </test-method> <!-- acConfig -->
      </class> <!-- opportunities_module.CreateOpportunitiesTest -->
    </test> <!-- Test -->
  </suite> <!-- Suite -->
</testng-results>
