<?xml version="1.0" encoding="UTF-8"?>
<!-- Generated by org.testng.reporters.JUnitXMLReporter -->
<testsuite ignored="3" hostname="DESKTOP-C6KTL7Q" failures="0" tests="1" name="Test" time="40.197" errors="0" timestamp="13 Feb 2024 16:54:51 GMT">
  <testcase classname="opportunities_module.CreateOpportunitiesTest" name="createOpportunitiesWithOrganizationNameAndCampaignNameAndVerifyTest" time="30.364"/>
  <testcase classname="leads_module.ToCreateALeadTest" name="toCreateALeadAndToVerifyTheLeadDetails" time="0.0">
    <ignored/>
  </testcase> <!-- toCreateALeadAndToVerifyTheLeadDetails -->
  <testcase classname="genericUtility.BaseClass" name="@AfterSuite asConfig" time="0.0">
    <ignored/>
  </testcase> <!-- @AfterSuite asConfig -->
  <testcase classname="genericUtility.BaseClass" name="@BeforeSuite bsConfig" time="0.0">
    <ignored/>
  </testcase> <!-- @BeforeSuite bsConfig -->
</testsuite> <!-- Test -->
